  pa8.c
f:\cs 121\pa8\pa8 helper\pa8 helper\pa8.c(32): warning C4090: 'function': different 'const' qualifiers
  main.c
f:\cs 121\pa8\pa8 helper\pa8 helper\main.c(28): warning C4013: 'time' undefined; assuming extern returning int
f:\cs 121\pa8\pa8 helper\pa8 helper\main.c(41): warning C4013: 'pos_string_to_enum' undefined; assuming extern returning int
f:\cs 121\pa8\pa8 helper\pa8 helper\main.c(55): warning C4267: '=': conversion from 'size_t' to 'int', possible loss of data
f:\cs 121\pa8\pa8 helper\pa8 helper\main.c(61): warning C4013: 'sort' undefined; assuming extern returning int
f:\cs 121\pa8\pa8 helper\pa8 helper\main.c(69): warning C4267: '=': conversion from 'size_t' to 'int', possible loss of data
f:\cs 121\pa8\pa8 helper\pa8 helper\main.c(81): warning C4267: '=': conversion from 'size_t' to 'int', possible loss of data
f:\cs 121\pa8\pa8 helper\pa8 helper\main.c(93): warning C4267: '=': conversion from 'size_t' to 'int', possible loss of data
f:\cs 121\pa8\pa8 helper\pa8 helper\main.c(134): warning C4013: 'to_upper' undefined; assuming extern returning int
f:\cs 121\pa8\pa8 helper\pa8 helper\main.c(146): warning C4267: '=': conversion from 'size_t' to 'int', possible loss of data
f:\cs 121\pa8\pa8 helper\pa8 helper\main.c(30): warning C4996: 'fopen': This function or variable may be unsafe. Consider using fopen_s instead. To disable deprecation, use _CRT_SECURE_NO_WARNINGS. See online help for details.
  c:\program files (x86)\windows kits\10\include\10.0.10240.0\ucrt\stdio.h(205): note: see declaration of 'fopen'
f:\cs 121\pa8\pa8 helper\pa8 helper\main.c(31): warning C4996: 'fscanf': This function or variable may be unsafe. Consider using fscanf_s instead. To disable deprecation, use _CRT_SECURE_NO_WARNINGS. See online help for details.
  c:\program files (x86)\windows kits\10\include\10.0.10240.0\ucrt\stdio.h(1193): note: see declaration of 'fscanf'
f:\cs 121\pa8\pa8 helper\pa8 helper\main.c(40): warning C4996: 'fscanf': This function or variable may be unsafe. Consider using fscanf_s instead. To disable deprecation, use _CRT_SECURE_NO_WARNINGS. See online help for details.
  c:\program files (x86)\windows kits\10\include\10.0.10240.0\ucrt\stdio.h(1193): note: see declaration of 'fscanf'
f:\cs 121\pa8\pa8 helper\pa8 helper\main.c(54): warning C4996: 'fscanf': This function or variable may be unsafe. Consider using fscanf_s instead. To disable deprecation, use _CRT_SECURE_NO_WARNINGS. See online help for details.
  c:\program files (x86)\windows kits\10\include\10.0.10240.0\ucrt\stdio.h(1193): note: see declaration of 'fscanf'
f:\cs 121\pa8\pa8 helper\pa8 helper\main.c(59): warning C4996: 'strcpy': This function or variable may be unsafe. Consider using strcpy_s instead. To disable deprecation, use _CRT_SECURE_NO_WARNINGS. See online help for details.
  c:\program files (x86)\windows kits\10\include\10.0.10240.0\ucrt\string.h(119): note: see declaration of 'strcpy'
f:\cs 121\pa8\pa8 helper\pa8 helper\main.c(68): warning C4996: 'fscanf': This function or variable may be unsafe. Consider using fscanf_s instead. To disable deprecation, use _CRT_SECURE_NO_WARNINGS. See online help for details.
  c:\program files (x86)\windows kits\10\include\10.0.10240.0\ucrt\stdio.h(1193): note: see declaration of 'fscanf'
f:\cs 121\pa8\pa8 helper\pa8 helper\main.c(71): warning C4996: 'strcpy': This function or variable may be unsafe. Consider using strcpy_s instead. To disable deprecation, use _CRT_SECURE_NO_WARNINGS. See online help for details.
  c:\program files (x86)\windows kits\10\include\10.0.10240.0\ucrt\string.h(119): note: see declaration of 'strcpy'
f:\cs 121\pa8\pa8 helper\pa8 helper\main.c(80): warning C4996: 'fscanf': This function or variable may be unsafe. Consider using fscanf_s instead. To disable deprecation, use _CRT_SECURE_NO_WARNINGS. See online help for details.
  c:\program files (x86)\windows kits\10\include\10.0.10240.0\ucrt\stdio.h(1193): note: see declaration of 'fscanf'
f:\cs 121\pa8\pa8 helper\pa8 helper\main.c(83): warning C4996: 'strcpy': This function or variable may be unsafe. Consider using strcpy_s instead. To disable deprecation, use _CRT_SECURE_NO_WARNINGS. See online help for details.
  c:\program files (x86)\windows kits\10\include\10.0.10240.0\ucrt\string.h(119): note: see declaration of 'strcpy'
f:\cs 121\pa8\pa8 helper\pa8 helper\main.c(92): warning C4996: 'fscanf': This function or variable may be unsafe. Consider using fscanf_s instead. To disable deprecation, use _CRT_SECURE_NO_WARNINGS. See online help for details.
  c:\program files (x86)\windows kits\10\include\10.0.10240.0\ucrt\stdio.h(1193): note: see declaration of 'fscanf'
f:\cs 121\pa8\pa8 helper\pa8 helper\main.c(95): warning C4996: 'strcpy': This function or variable may be unsafe. Consider using strcpy_s instead. To disable deprecation, use _CRT_SECURE_NO_WARNINGS. See online help for details.
  c:\program files (x86)\windows kits\10\include\10.0.10240.0\ucrt\string.h(119): note: see declaration of 'strcpy'
f:\cs 121\pa8\pa8 helper\pa8 helper\main.c(132): warning C4996: 'strcpy': This function or variable may be unsafe. Consider using strcpy_s instead. To disable deprecation, use _CRT_SECURE_NO_WARNINGS. See online help for details.
  c:\program files (x86)\windows kits\10\include\10.0.10240.0\ucrt\string.h(119): note: see declaration of 'strcpy'
f:\cs 121\pa8\pa8 helper\pa8 helper\main.c(133): warning C4996: 'strcat': This function or variable may be unsafe. Consider using strcat_s instead. To disable deprecation, use _CRT_SECURE_NO_WARNINGS. See online help for details.
  c:\program files (x86)\windows kits\10\include\10.0.10240.0\ucrt\string.h(90): note: see declaration of 'strcat'
f:\cs 121\pa8\pa8 helper\pa8 helper\main.c(135): warning C4996: 'strcat': This function or variable may be unsafe. Consider using strcat_s instead. To disable deprecation, use _CRT_SECURE_NO_WARNINGS. See online help for details.
  c:\program files (x86)\windows kits\10\include\10.0.10240.0\ucrt\string.h(90): note: see declaration of 'strcat'
f:\cs 121\pa8\pa8 helper\pa8 helper\main.c(136): warning C4996: 'strcat': This function or variable may be unsafe. Consider using strcat_s instead. To disable deprecation, use _CRT_SECURE_NO_WARNINGS. See online help for details.
  c:\program files (x86)\windows kits\10\include\10.0.10240.0\ucrt\string.h(90): note: see declaration of 'strcat'
f:\cs 121\pa8\pa8 helper\pa8 helper\main.c(137): warning C4996: 'strcat': This function or variable may be unsafe. Consider using strcat_s instead. To disable deprecation, use _CRT_SECURE_NO_WARNINGS. See online help for details.
  c:\program files (x86)\windows kits\10\include\10.0.10240.0\ucrt\string.h(90): note: see declaration of 'strcat'
f:\cs 121\pa8\pa8 helper\pa8 helper\main.c(138): warning C4996: 'strcat': This function or variable may be unsafe. Consider using strcat_s instead. To disable deprecation, use _CRT_SECURE_NO_WARNINGS. See online help for details.
  c:\program files (x86)\windows kits\10\include\10.0.10240.0\ucrt\string.h(90): note: see declaration of 'strcat'
f:\cs 121\pa8\pa8 helper\pa8 helper\main.c(139): warning C4996: 'strcat': This function or variable may be unsafe. Consider using strcat_s instead. To disable deprecation, use _CRT_SECURE_NO_WARNINGS. See online help for details.
  c:\program files (x86)\windows kits\10\include\10.0.10240.0\ucrt\string.h(90): note: see declaration of 'strcat'
f:\cs 121\pa8\pa8 helper\pa8 helper\main.c(140): warning C4996: 'strcat': This function or variable may be unsafe. Consider using strcat_s instead. To disable deprecation, use _CRT_SECURE_NO_WARNINGS. See online help for details.
  c:\program files (x86)\windows kits\10\include\10.0.10240.0\ucrt\string.h(90): note: see declaration of 'strcat'
f:\cs 121\pa8\pa8 helper\pa8 helper\main.c(141): warning C4996: 'strcat': This function or variable may be unsafe. Consider using strcat_s instead. To disable deprecation, use _CRT_SECURE_NO_WARNINGS. See online help for details.
  c:\program files (x86)\windows kits\10\include\10.0.10240.0\ucrt\string.h(90): note: see declaration of 'strcat'
f:\cs 121\pa8\pa8 helper\pa8 helper\main.c(142): warning C4996: 'strcat': This function or variable may be unsafe. Consider using strcat_s instead. To disable deprecation, use _CRT_SECURE_NO_WARNINGS. See online help for details.
  c:\program files (x86)\windows kits\10\include\10.0.10240.0\ucrt\string.h(90): note: see declaration of 'strcat'
f:\cs 121\pa8\pa8 helper\pa8 helper\main.c(143): warning C4996: 'strcat': This function or variable may be unsafe. Consider using strcat_s instead. To disable deprecation, use _CRT_SECURE_NO_WARNINGS. See online help for details.
  c:\program files (x86)\windows kits\10\include\10.0.10240.0\ucrt\string.h(90): note: see declaration of 'strcat'
f:\cs 121\pa8\pa8 helper\pa8 helper\main.c(144): warning C4996: 'strcat': This function or variable may be unsafe. Consider using strcat_s instead. To disable deprecation, use _CRT_SECURE_NO_WARNINGS. See online help for details.
  c:\program files (x86)\windows kits\10\include\10.0.10240.0\ucrt\string.h(90): note: see declaration of 'strcat'
f:\cs 121\pa8\pa8 helper\pa8 helper\main.c(145): warning C4996: 'strcat': This function or variable may be unsafe. Consider using strcat_s instead. To disable deprecation, use _CRT_SECURE_NO_WARNINGS. See online help for details.
  c:\program files (x86)\windows kits\10\include\10.0.10240.0\ucrt\string.h(90): note: see declaration of 'strcat'
f:\cs 121\pa8\pa8 helper\pa8 helper\main.c(148): warning C4996: 'strcpy': This function or variable may be unsafe. Consider using strcpy_s instead. To disable deprecation, use _CRT_SECURE_NO_WARNINGS. See online help for details.
  c:\program files (x86)\windows kits\10\include\10.0.10240.0\ucrt\string.h(119): note: see declaration of 'strcpy'
  Generating Code...
f:\cs 121\pa8\pa8 helper\pa8 helper\pa8.c(22): warning C4715: 'pos_string_to_enum': not all control paths return a value
  PA8 Helper.vcxproj -> F:\CS 121\PA8\PA8 Helper\x64\Debug\PA8 Helper.exe
  PA8 Helper.vcxproj -> F:\CS 121\PA8\PA8 Helper\x64\Debug\PA8 Helper.pdb (Full PDB)
